<?xml version="1.0" encoding="UTF-8"?>
<testng-results ignored="0" total="1" passed="1" failed="0" skipped="0">
  <reporter-output>
  </reporter-output>
  <suite started-at="2024-09-09T15:59:44 IST" name="Default suite" finished-at="2024-09-09T15:59:44 IST" duration-ms="52">
    <groups>
    </groups>
    <test started-at="2024-09-09T15:59:44 IST" name="Default test" finished-at="2024-09-09T15:59:44 IST" duration-ms="52">
      <class name="Automation.FirstCode">
        <test-method signature="basicRun()[pri:0, instance:Automation.FirstCode@543588e6]" started-at="2024-09-09T15:59:44 IST" name="basicRun" finished-at="2024-09-09T15:59:44 IST" duration-ms="6" status="PASS">
          <reporter-output>
          </reporter-output>
        </test-method> <!-- basicRun -->
      </class> <!-- Automation.FirstCode -->
    </test> <!-- Default test -->
  </suite> <!-- Default suite -->
</testng-results>
